{"C:\\Users\\yikal\\OneDrive\\Desktop\\CodeTheDream\\node-homework\\app.js": {"path":"C:\\Users\\yikal\\OneDrive\\Desktop\\CodeTheDream\\node-homework\\app.js","statementMap":{"0":{"start":{"line":1,"column":16},"end":{"line":1,"column":34}},"1":{"start":{"line":2,"column":21},"end":{"line":2,"column":45}},"2":{"start":{"line":3,"column":15},"end":{"line":3,"column":32}},"3":{"start":{"line":4,"column":16},"end":{"line":4,"column":48}},"4":{"start":{"line":5,"column":20},"end":{"line":5,"column":49}},"5":{"start":{"line":7,"column":19},"end":{"line":7,"column":49}},"6":{"start":{"line":8,"column":19},"end":{"line":8,"column":49}},"7":{"start":{"line":9,"column":19},"end":{"line":9,"column":49}},"8":{"start":{"line":10,"column":24},"end":{"line":10,"column":59}},"9":{"start":{"line":12,"column":22},"end":{"line":12,"column":59}},"10":{"start":{"line":13,"column":17},"end":{"line":13,"column":50}},"11":{"start":{"line":14,"column":21},"end":{"line":14,"column":58}},"12":{"start":{"line":16,"column":15},"end":{"line":16,"column":37}},"13":{"start":{"line":18,"column":12},"end":{"line":18,"column":21}},"14":{"start":{"line":20,"column":0},"end":{"line":20,"column":26}},"15":{"start":{"line":22,"column":0},"end":{"line":22,"column":18}},"16":{"start":{"line":23,"column":0},"end":{"line":23,"column":18}},"17":{"start":{"line":26,"column":0},"end":{"line":31,"column":2}},"18":{"start":{"line":34,"column":0},"end":{"line":34,"column":24}},"19":{"start":{"line":35,"column":0},"end":{"line":35,"column":24}},"20":{"start":{"line":41,"column":0},"end":{"line":41,"column":18}},"21":{"start":{"line":43,"column":0},"end":{"line":45,"column":3}},"22":{"start":{"line":44,"column":2},"end":{"line":44,"column":28}},"23":{"start":{"line":47,"column":0},"end":{"line":51,"column":3}},"24":{"start":{"line":48,"column":2},"end":{"line":50,"column":5}},"25":{"start":{"line":53,"column":0},"end":{"line":74,"column":3}},"26":{"start":{"line":54,"column":2},"end":{"line":73,"column":3}},"27":{"start":{"line":55,"column":4},"end":{"line":55,"column":37}},"28":{"start":{"line":57,"column":4},"end":{"line":60,"column":7}},"29":{"start":{"line":62,"column":4},"end":{"line":66,"column":5}},"30":{"start":{"line":63,"column":6},"end":{"line":65,"column":8}},"31":{"start":{"line":68,"column":4},"end":{"line":72,"column":7}},"32":{"start":{"line":76,"column":0},"end":{"line":76,"column":28}},"33":{"start":{"line":77,"column":0},"end":{"line":77,"column":34}},"34":{"start":{"line":80,"column":0},"end":{"line":80,"column":34}},"35":{"start":{"line":83,"column":0},"end":{"line":83,"column":58}},"36":{"start":{"line":85,"column":0},"end":{"line":85,"column":18}},"37":{"start":{"line":86,"column":0},"end":{"line":86,"column":22}},"38":{"start":{"line":88,"column":13},"end":{"line":88,"column":37}},"39":{"start":{"line":90,"column":15},"end":{"line":92,"column":2}},"40":{"start":{"line":91,"column":2},"end":{"line":91,"column":56}},"41":{"start":{"line":94,"column":0},"end":{"line":102,"column":3}},"42":{"start":{"line":95,"column":2},"end":{"line":99,"column":3}},"43":{"start":{"line":96,"column":4},"end":{"line":96,"column":53}},"44":{"start":{"line":98,"column":4},"end":{"line":98,"column":40}},"45":{"start":{"line":101,"column":2},"end":{"line":101,"column":18}},"46":{"start":{"line":104,"column":21},"end":{"line":104,"column":26}},"47":{"start":{"line":107,"column":2},"end":{"line":107,"column":29}},"48":{"start":{"line":107,"column":22},"end":{"line":107,"column":29}},"49":{"start":{"line":109,"column":2},"end":{"line":109,"column":24}},"50":{"start":{"line":111,"column":2},"end":{"line":111,"column":45}},"51":{"start":{"line":113,"column":2},"end":{"line":133,"column":3}},"52":{"start":{"line":114,"column":4},"end":{"line":122,"column":7}},"53":{"start":{"line":115,"column":6},"end":{"line":121,"column":9}},"54":{"start":{"line":116,"column":8},"end":{"line":120,"column":9}},"55":{"start":{"line":117,"column":10},"end":{"line":117,"column":22}},"56":{"start":{"line":119,"column":10},"end":{"line":119,"column":20}},"57":{"start":{"line":124,"column":4},"end":{"line":124,"column":39}},"58":{"start":{"line":126,"column":4},"end":{"line":126,"column":31}},"59":{"start":{"line":127,"column":4},"end":{"line":127,"column":39}},"60":{"start":{"line":129,"column":4},"end":{"line":129,"column":49}},"61":{"start":{"line":130,"column":4},"end":{"line":130,"column":13}},"62":{"start":{"line":132,"column":4},"end":{"line":132,"column":23}},"63":{"start":{"line":136,"column":0},"end":{"line":136,"column":40}},"64":{"start":{"line":136,"column":27},"end":{"line":136,"column":38}},"65":{"start":{"line":137,"column":0},"end":{"line":137,"column":41}},"66":{"start":{"line":137,"column":28},"end":{"line":137,"column":39}},"67":{"start":{"line":139,"column":0},"end":{"line":139,"column":33}}},"fnMap":{"0":{"name":"(anonymous_0)","decl":{"start":{"line":43,"column":13},"end":{"line":43,"column":14}},"loc":{"start":{"line":43,"column":27},"end":{"line":45,"column":1}},"line":43},"1":{"name":"(anonymous_1)","decl":{"start":{"line":47,"column":22},"end":{"line":47,"column":23}},"loc":{"start":{"line":47,"column":36},"end":{"line":51,"column":1}},"line":47},"2":{"name":"(anonymous_2)","decl":{"start":{"line":53,"column":19},"end":{"line":53,"column":20}},"loc":{"start":{"line":53,"column":39},"end":{"line":74,"column":1}},"line":53},"3":{"name":"(anonymous_3)","decl":{"start":{"line":90,"column":32},"end":{"line":90,"column":33}},"loc":{"start":{"line":90,"column":38},"end":{"line":92,"column":1}},"line":90},"4":{"name":"(anonymous_4)","decl":{"start":{"line":94,"column":19},"end":{"line":94,"column":20}},"loc":{"start":{"line":94,"column":28},"end":{"line":102,"column":1}},"line":94},"5":{"name":"shutdown","decl":{"start":{"line":106,"column":15},"end":{"line":106,"column":23}},"loc":{"start":{"line":106,"column":34},"end":{"line":134,"column":1}},"line":106},"6":{"name":"(anonymous_6)","decl":{"start":{"line":114,"column":22},"end":{"line":114,"column":23}},"loc":{"start":{"line":114,"column":43},"end":{"line":122,"column":5}},"line":114},"7":{"name":"(anonymous_7)","decl":{"start":{"line":115,"column":19},"end":{"line":115,"column":20}},"loc":{"start":{"line":115,"column":28},"end":{"line":121,"column":7}},"line":115},"8":{"name":"(anonymous_8)","decl":{"start":{"line":136,"column":21},"end":{"line":136,"column":22}},"loc":{"start":{"line":136,"column":27},"end":{"line":136,"column":38}},"line":136},"9":{"name":"(anonymous_9)","decl":{"start":{"line":137,"column":22},"end":{"line":137,"column":23}},"loc":{"start":{"line":137,"column":28},"end":{"line":137,"column":39}},"line":137}},"branchMap":{"0":{"loc":{"start":{"line":62,"column":4},"end":{"line":66,"column":5}},"type":"if","locations":[{"start":{"line":62,"column":4},"end":{"line":66,"column":5}},{"start":{},"end":{}}],"line":62},"1":{"loc":{"start":{"line":88,"column":13},"end":{"line":88,"column":37}},"type":"binary-expr","locations":[{"start":{"line":88,"column":13},"end":{"line":88,"column":29}},{"start":{"line":88,"column":33},"end":{"line":88,"column":37}}],"line":88},"2":{"loc":{"start":{"line":95,"column":2},"end":{"line":99,"column":3}},"type":"if","locations":[{"start":{"line":95,"column":2},"end":{"line":99,"column":3}},{"start":{"line":97,"column":9},"end":{"line":99,"column":3}}],"line":95},"3":{"loc":{"start":{"line":106,"column":24},"end":{"line":106,"column":32}},"type":"default-arg","locations":[{"start":{"line":106,"column":31},"end":{"line":106,"column":32}}],"line":106},"4":{"loc":{"start":{"line":107,"column":2},"end":{"line":107,"column":29}},"type":"if","locations":[{"start":{"line":107,"column":2},"end":{"line":107,"column":29}},{"start":{},"end":{}}],"line":107},"5":{"loc":{"start":{"line":116,"column":8},"end":{"line":120,"column":9}},"type":"if","locations":[{"start":{"line":116,"column":8},"end":{"line":120,"column":9}},{"start":{"line":118,"column":15},"end":{"line":120,"column":9}}],"line":116}},"s":{"0":1,"1":1,"2":1,"3":1,"4":1,"5":1,"6":1,"7":1,"8":1,"9":1,"10":1,"11":1,"12":1,"13":1,"14":1,"15":1,"16":1,"17":1,"18":1,"19":1,"20":1,"21":1,"22":0,"23":1,"24":0,"25":1,"26":0,"27":0,"28":0,"29":0,"30":0,"31":0,"32":1,"33":1,"34":1,"35":1,"36":1,"37":1,"38":1,"39":1,"40":1,"41":1,"42":0,"43":0,"44":0,"45":0,"46":1,"47":0,"48":0,"49":0,"50":0,"51":0,"52":0,"53":0,"54":0,"55":0,"56":0,"57":0,"58":0,"59":0,"60":0,"61":0,"62":0,"63":1,"64":0,"65":1,"66":0,"67":1},"f":{"0":0,"1":0,"2":0,"3":1,"4":0,"5":0,"6":0,"7":0,"8":0,"9":0},"b":{"0":[0,0],"1":[1,1],"2":[0,0],"3":[0],"4":[0,0],"5":[0,0]},"_coverageSchema":"1a1c01bbd47fc00a2c39e90264f33305004495a9","hash":"3e7948838e8b1331cecc4fe9a07e884759055326"}
,"C:\\Users\\yikal\\OneDrive\\Desktop\\CodeTheDream\\node-homework\\controllers\\analyticsController.js": {"path":"C:\\Users\\yikal\\OneDrive\\Desktop\\CodeTheDream\\node-homework\\controllers\\analyticsController.js","statementMap":{"0":{"start":{"line":1,"column":15},"end":{"line":1,"column":38}},"1":{"start":{"line":4,"column":17},"end":{"line":4,"column":44}},"2":{"start":{"line":6,"column":2},"end":{"line":10,"column":3}},"3":{"start":{"line":7,"column":4},"end":{"line":9,"column":7}},"4":{"start":{"line":12,"column":2},"end":{"line":84,"column":3}},"5":{"start":{"line":13,"column":25},"end":{"line":20,"column":6}},"6":{"start":{"line":22,"column":4},"end":{"line":26,"column":5}},"7":{"start":{"line":23,"column":6},"end":{"line":25,"column":9}},"8":{"start":{"line":28,"column":22},"end":{"line":36,"column":6}},"9":{"start":{"line":38,"column":24},"end":{"line":59,"column":6}},"10":{"start":{"line":61,"column":23},"end":{"line":61,"column":33}},"11":{"start":{"line":62,"column":4},"end":{"line":62,"column":49}},"12":{"start":{"line":64,"column":27},"end":{"line":75,"column":6}},"13":{"start":{"line":77,"column":4},"end":{"line":81,"column":7}},"14":{"start":{"line":83,"column":4},"end":{"line":83,"column":23}},"15":{"start":{"line":88,"column":2},"end":{"line":145,"column":3}},"16":{"start":{"line":89,"column":17},"end":{"line":89,"column":50}},"17":{"start":{"line":90,"column":18},"end":{"line":90,"column":53}},"18":{"start":{"line":91,"column":17},"end":{"line":91,"column":35}},"19":{"start":{"line":93,"column":21},"end":{"line":115,"column":6}},"20":{"start":{"line":117,"column":18},"end":{"line":126,"column":7}},"21":{"start":{"line":117,"column":42},"end":{"line":126,"column":5}},"22":{"start":{"line":128,"column":23},"end":{"line":128,"column":48}},"23":{"start":{"line":130,"column":23},"end":{"line":137,"column":5}},"24":{"start":{"line":139,"column":4},"end":{"line":142,"column":7}},"25":{"start":{"line":144,"column":4},"end":{"line":144,"column":23}},"26":{"start":{"line":150,"column":4},"end":{"line":152,"column":10}},"27":{"start":{"line":154,"column":2},"end":{"line":158,"column":3}},"28":{"start":{"line":155,"column":4},"end":{"line":157,"column":7}},"29":{"start":{"line":160,"column":16},"end":{"line":160,"column":51}},"30":{"start":{"line":162,"column":24},"end":{"line":162,"column":42}},"31":{"start":{"line":163,"column":21},"end":{"line":163,"column":32}},"32":{"start":{"line":164,"column":21},"end":{"line":164,"column":38}},"33":{"start":{"line":166,"column":2},"end":{"line":198,"column":3}},"34":{"start":{"line":167,"column":26},"end":{"line":189,"column":5}},"35":{"start":{"line":191,"column":4},"end":{"line":195,"column":7}},"36":{"start":{"line":197,"column":4},"end":{"line":197,"column":23}},"37":{"start":{"line":201,"column":0},"end":{"line":205,"column":2}}},"fnMap":{"0":{"name":"getUserAnalytics","decl":{"start":{"line":3,"column":15},"end":{"line":3,"column":31}},"loc":{"start":{"line":3,"column":48},"end":{"line":85,"column":1}},"line":3},"1":{"name":"getUsersWithStats","decl":{"start":{"line":87,"column":15},"end":{"line":87,"column":32}},"loc":{"start":{"line":87,"column":49},"end":{"line":146,"column":1}},"line":87},"2":{"name":"(anonymous_2)","decl":{"start":{"line":117,"column":31},"end":{"line":117,"column":32}},"loc":{"start":{"line":117,"column":42},"end":{"line":126,"column":5}},"line":117},"3":{"name":"searchTasks","decl":{"start":{"line":148,"column":15},"end":{"line":148,"column":26}},"loc":{"start":{"line":148,"column":43},"end":{"line":199,"column":1}},"line":148}},"branchMap":{"0":{"loc":{"start":{"line":6,"column":2},"end":{"line":10,"column":3}},"type":"if","locations":[{"start":{"line":6,"column":2},"end":{"line":10,"column":3}},{"start":{},"end":{}}],"line":6},"1":{"loc":{"start":{"line":22,"column":4},"end":{"line":26,"column":5}},"type":"if","locations":[{"start":{"line":22,"column":4},"end":{"line":26,"column":5}},{"start":{},"end":{}}],"line":22},"2":{"loc":{"start":{"line":89,"column":17},"end":{"line":89,"column":50}},"type":"binary-expr","locations":[{"start":{"line":89,"column":17},"end":{"line":89,"column":45}},{"start":{"line":89,"column":49},"end":{"line":89,"column":50}}],"line":89},"3":{"loc":{"start":{"line":90,"column":18},"end":{"line":90,"column":53}},"type":"binary-expr","locations":[{"start":{"line":90,"column":18},"end":{"line":90,"column":47}},{"start":{"line":90,"column":51},"end":{"line":90,"column":53}}],"line":90},"4":{"loc":{"start":{"line":150,"column":4},"end":{"line":152,"column":10}},"type":"cond-expr","locations":[{"start":{"line":151,"column":8},"end":{"line":151,"column":26}},{"start":{"line":152,"column":8},"end":{"line":152,"column":10}}],"line":150},"5":{"loc":{"start":{"line":154,"column":2},"end":{"line":158,"column":3}},"type":"if","locations":[{"start":{"line":154,"column":2},"end":{"line":158,"column":3}},{"start":{},"end":{}}],"line":154},"6":{"loc":{"start":{"line":154,"column":6},"end":{"line":154,"column":44}},"type":"binary-expr","locations":[{"start":{"line":154,"column":6},"end":{"line":154,"column":18}},{"start":{"line":154,"column":22},"end":{"line":154,"column":44}}],"line":154},"7":{"loc":{"start":{"line":160,"column":16},"end":{"line":160,"column":51}},"type":"binary-expr","locations":[{"start":{"line":160,"column":16},"end":{"line":160,"column":45}},{"start":{"line":160,"column":49},"end":{"line":160,"column":51}}],"line":160}},"s":{"0":1,"1":0,"2":0,"3":0,"4":0,"5":0,"6":0,"7":0,"8":0,"9":0,"10":0,"11":0,"12":0,"13":0,"14":0,"15":0,"16":0,"17":0,"18":0,"19":0,"20":0,"21":0,"22":0,"23":0,"24":0,"25":0,"26":0,"27":0,"28":0,"29":0,"30":0,"31":0,"32":0,"33":0,"34":0,"35":0,"36":0,"37":1},"f":{"0":0,"1":0,"2":0,"3":0},"b":{"0":[0,0],"1":[0,0],"2":[0,0],"3":[0,0],"4":[0,0],"5":[0,0],"6":[0,0],"7":[0,0]},"_coverageSchema":"1a1c01bbd47fc00a2c39e90264f33305004495a9","hash":"0b8e597f7bc10b0e07b3aed6ba840f4ba7e32802"}
,"C:\\Users\\yikal\\OneDrive\\Desktop\\CodeTheDream\\node-homework\\controllers\\taskController.js": {"path":"C:\\Users\\yikal\\OneDrive\\Desktop\\CodeTheDream\\node-homework\\controllers\\taskController.js","statementMap":{"0":{"start":{"line":1,"column":15},"end":{"line":1,"column":38}},"1":{"start":{"line":6,"column":4},"end":{"line":6,"column":39}},"2":{"start":{"line":9,"column":2},"end":{"line":11,"column":3}},"3":{"start":{"line":10,"column":4},"end":{"line":10,"column":18}},"4":{"start":{"line":13,"column":27},"end":{"line":15,"column":4}},"5":{"start":{"line":17,"column":2},"end":{"line":21,"column":3}},"6":{"start":{"line":18,"column":4},"end":{"line":20,"column":7}},"7":{"start":{"line":23,"column":2},"end":{"line":42,"column":3}},"8":{"start":{"line":24,"column":17},"end":{"line":37,"column":6}},"9":{"start":{"line":39,"column":4},"end":{"line":39,"column":38}},"10":{"start":{"line":41,"column":4},"end":{"line":41,"column":23}},"11":{"start":{"line":46,"column":20},"end":{"line":46,"column":28}},"12":{"start":{"line":48,"column":2},"end":{"line":52,"column":3}},"13":{"start":{"line":49,"column":4},"end":{"line":51,"column":7}},"14":{"start":{"line":54,"column":21},"end":{"line":54,"column":23}},"15":{"start":{"line":56,"column":2},"end":{"line":72,"column":3}},"16":{"start":{"line":57,"column":29},"end":{"line":57,"column":54}},"17":{"start":{"line":59,"column":4},"end":{"line":64,"column":5}},"18":{"start":{"line":60,"column":6},"end":{"line":63,"column":9}},"19":{"start":{"line":66,"column":4},"end":{"line":71,"column":7}},"20":{"start":{"line":74,"column":2},"end":{"line":87,"column":3}},"21":{"start":{"line":75,"column":19},"end":{"line":78,"column":6}},"22":{"start":{"line":80,"column":4},"end":{"line":84,"column":7}},"23":{"start":{"line":86,"column":4},"end":{"line":86,"column":23}},"24":{"start":{"line":91,"column":2},"end":{"line":167,"column":3}},"25":{"start":{"line":92,"column":17},"end":{"line":92,"column":50}},"26":{"start":{"line":93,"column":18},"end":{"line":93,"column":53}},"27":{"start":{"line":95,"column":4},"end":{"line":99,"column":5}},"28":{"start":{"line":96,"column":6},"end":{"line":98,"column":9}},"29":{"start":{"line":101,"column":4},"end":{"line":105,"column":5}},"30":{"start":{"line":102,"column":6},"end":{"line":104,"column":9}},"31":{"start":{"line":107,"column":17},"end":{"line":107,"column":35}},"32":{"start":{"line":109,"column":24},"end":{"line":111,"column":5}},"33":{"start":{"line":113,"column":4},"end":{"line":118,"column":5}},"34":{"start":{"line":114,"column":6},"end":{"line":117,"column":8}},"35":{"start":{"line":120,"column":18},"end":{"line":140,"column":6}},"36":{"start":{"line":142,"column":23},"end":{"line":144,"column":6}},"37":{"start":{"line":146,"column":4},"end":{"line":150,"column":5}},"38":{"start":{"line":147,"column":6},"end":{"line":149,"column":9}},"39":{"start":{"line":152,"column":23},"end":{"line":159,"column":5}},"40":{"start":{"line":161,"column":4},"end":{"line":164,"column":7}},"41":{"start":{"line":166,"column":4},"end":{"line":166,"column":23}},"42":{"start":{"line":171,"column":13},"end":{"line":171,"column":41}},"43":{"start":{"line":173,"column":2},"end":{"line":177,"column":3}},"44":{"start":{"line":174,"column":4},"end":{"line":176,"column":7}},"45":{"start":{"line":179,"column":2},"end":{"line":215,"column":3}},"46":{"start":{"line":180,"column":17},"end":{"line":198,"column":6}},"47":{"start":{"line":200,"column":4},"end":{"line":204,"column":5}},"48":{"start":{"line":201,"column":6},"end":{"line":203,"column":9}},"49":{"start":{"line":206,"column":4},"end":{"line":206,"column":38}},"50":{"start":{"line":208,"column":4},"end":{"line":212,"column":5}},"51":{"start":{"line":209,"column":6},"end":{"line":211,"column":9}},"52":{"start":{"line":214,"column":4},"end":{"line":214,"column":23}},"53":{"start":{"line":219,"column":2},"end":{"line":221,"column":3}},"54":{"start":{"line":220,"column":4},"end":{"line":220,"column":18}},"55":{"start":{"line":223,"column":27},"end":{"line":225,"column":4}},"56":{"start":{"line":227,"column":2},"end":{"line":231,"column":3}},"57":{"start":{"line":228,"column":4},"end":{"line":230,"column":7}},"58":{"start":{"line":233,"column":13},"end":{"line":233,"column":41}},"59":{"start":{"line":235,"column":2},"end":{"line":239,"column":3}},"60":{"start":{"line":236,"column":4},"end":{"line":238,"column":7}},"61":{"start":{"line":241,"column":2},"end":{"line":265,"column":3}},"62":{"start":{"line":242,"column":17},"end":{"line":254,"column":6}},"63":{"start":{"line":256,"column":4},"end":{"line":256,"column":38}},"64":{"start":{"line":258,"column":4},"end":{"line":262,"column":5}},"65":{"start":{"line":259,"column":6},"end":{"line":261,"column":9}},"66":{"start":{"line":264,"column":4},"end":{"line":264,"column":23}},"67":{"start":{"line":269,"column":13},"end":{"line":269,"column":41}},"68":{"start":{"line":271,"column":2},"end":{"line":275,"column":3}},"69":{"start":{"line":272,"column":4},"end":{"line":274,"column":7}},"70":{"start":{"line":277,"column":2},"end":{"line":300,"column":3}},"71":{"start":{"line":278,"column":17},"end":{"line":289,"column":6}},"72":{"start":{"line":291,"column":4},"end":{"line":291,"column":38}},"73":{"start":{"line":293,"column":4},"end":{"line":297,"column":5}},"74":{"start":{"line":294,"column":6},"end":{"line":296,"column":9}},"75":{"start":{"line":299,"column":4},"end":{"line":299,"column":23}},"76":{"start":{"line":303,"column":0},"end":{"line":310,"column":2}}},"fnMap":{"0":{"name":"create","decl":{"start":{"line":8,"column":15},"end":{"line":8,"column":21}},"loc":{"start":{"line":8,"column":38},"end":{"line":43,"column":1}},"line":8},"1":{"name":"bulkCreate","decl":{"start":{"line":45,"column":15},"end":{"line":45,"column":25}},"loc":{"start":{"line":45,"column":42},"end":{"line":88,"column":1}},"line":45},"2":{"name":"index","decl":{"start":{"line":90,"column":15},"end":{"line":90,"column":20}},"loc":{"start":{"line":90,"column":37},"end":{"line":168,"column":1}},"line":90},"3":{"name":"show","decl":{"start":{"line":170,"column":15},"end":{"line":170,"column":19}},"loc":{"start":{"line":170,"column":36},"end":{"line":216,"column":1}},"line":170},"4":{"name":"update","decl":{"start":{"line":218,"column":15},"end":{"line":218,"column":21}},"loc":{"start":{"line":218,"column":38},"end":{"line":266,"column":1}},"line":218},"5":{"name":"deleteTask","decl":{"start":{"line":268,"column":15},"end":{"line":268,"column":25}},"loc":{"start":{"line":268,"column":42},"end":{"line":301,"column":1}},"line":268}},"branchMap":{"0":{"loc":{"start":{"line":9,"column":2},"end":{"line":11,"column":3}},"type":"if","locations":[{"start":{"line":9,"column":2},"end":{"line":11,"column":3}},{"start":{},"end":{}}],"line":9},"1":{"loc":{"start":{"line":17,"column":2},"end":{"line":21,"column":3}},"type":"if","locations":[{"start":{"line":17,"column":2},"end":{"line":21,"column":3}},{"start":{},"end":{}}],"line":17},"2":{"loc":{"start":{"line":48,"column":2},"end":{"line":52,"column":3}},"type":"if","locations":[{"start":{"line":48,"column":2},"end":{"line":52,"column":3}},{"start":{},"end":{}}],"line":48},"3":{"loc":{"start":{"line":48,"column":6},"end":{"line":48,"column":59}},"type":"binary-expr","locations":[{"start":{"line":48,"column":6},"end":{"line":48,"column":12}},{"start":{"line":48,"column":16},"end":{"line":48,"column":37}},{"start":{"line":48,"column":41},"end":{"line":48,"column":59}}],"line":48},"4":{"loc":{"start":{"line":59,"column":4},"end":{"line":64,"column":5}},"type":"if","locations":[{"start":{"line":59,"column":4},"end":{"line":64,"column":5}},{"start":{},"end":{}}],"line":59},"5":{"loc":{"start":{"line":68,"column":19},"end":{"line":68,"column":45}},"type":"binary-expr","locations":[{"start":{"line":68,"column":19},"end":{"line":68,"column":36}},{"start":{"line":68,"column":40},"end":{"line":68,"column":45}}],"line":68},"6":{"loc":{"start":{"line":69,"column":16},"end":{"line":69,"column":42}},"type":"binary-expr","locations":[{"start":{"line":69,"column":16},"end":{"line":69,"column":30}},{"start":{"line":69,"column":34},"end":{"line":69,"column":42}}],"line":69},"7":{"loc":{"start":{"line":92,"column":17},"end":{"line":92,"column":50}},"type":"binary-expr","locations":[{"start":{"line":92,"column":17},"end":{"line":92,"column":45}},{"start":{"line":92,"column":49},"end":{"line":92,"column":50}}],"line":92},"8":{"loc":{"start":{"line":93,"column":18},"end":{"line":93,"column":53}},"type":"binary-expr","locations":[{"start":{"line":93,"column":18},"end":{"line":93,"column":47}},{"start":{"line":93,"column":51},"end":{"line":93,"column":53}}],"line":93},"9":{"loc":{"start":{"line":95,"column":4},"end":{"line":99,"column":5}},"type":"if","locations":[{"start":{"line":95,"column":4},"end":{"line":99,"column":5}},{"start":{},"end":{}}],"line":95},"10":{"loc":{"start":{"line":101,"column":4},"end":{"line":105,"column":5}},"type":"if","locations":[{"start":{"line":101,"column":4},"end":{"line":105,"column":5}},{"start":{},"end":{}}],"line":101},"11":{"loc":{"start":{"line":101,"column":8},"end":{"line":101,"column":32}},"type":"binary-expr","locations":[{"start":{"line":101,"column":8},"end":{"line":101,"column":17}},{"start":{"line":101,"column":21},"end":{"line":101,"column":32}}],"line":101},"12":{"loc":{"start":{"line":113,"column":4},"end":{"line":118,"column":5}},"type":"if","locations":[{"start":{"line":113,"column":4},"end":{"line":118,"column":5}},{"start":{},"end":{}}],"line":113},"13":{"loc":{"start":{"line":146,"column":4},"end":{"line":150,"column":5}},"type":"if","locations":[{"start":{"line":146,"column":4},"end":{"line":150,"column":5}},{"start":{},"end":{}}],"line":146},"14":{"loc":{"start":{"line":173,"column":2},"end":{"line":177,"column":3}},"type":"if","locations":[{"start":{"line":173,"column":2},"end":{"line":177,"column":3}},{"start":{},"end":{}}],"line":173},"15":{"loc":{"start":{"line":200,"column":4},"end":{"line":204,"column":5}},"type":"if","locations":[{"start":{"line":200,"column":4},"end":{"line":204,"column":5}},{"start":{},"end":{}}],"line":200},"16":{"loc":{"start":{"line":208,"column":4},"end":{"line":212,"column":5}},"type":"if","locations":[{"start":{"line":208,"column":4},"end":{"line":212,"column":5}},{"start":{},"end":{}}],"line":208},"17":{"loc":{"start":{"line":219,"column":2},"end":{"line":221,"column":3}},"type":"if","locations":[{"start":{"line":219,"column":2},"end":{"line":221,"column":3}},{"start":{},"end":{}}],"line":219},"18":{"loc":{"start":{"line":227,"column":2},"end":{"line":231,"column":3}},"type":"if","locations":[{"start":{"line":227,"column":2},"end":{"line":231,"column":3}},{"start":{},"end":{}}],"line":227},"19":{"loc":{"start":{"line":235,"column":2},"end":{"line":239,"column":3}},"type":"if","locations":[{"start":{"line":235,"column":2},"end":{"line":239,"column":3}},{"start":{},"end":{}}],"line":235},"20":{"loc":{"start":{"line":258,"column":4},"end":{"line":262,"column":5}},"type":"if","locations":[{"start":{"line":258,"column":4},"end":{"line":262,"column":5}},{"start":{},"end":{}}],"line":258},"21":{"loc":{"start":{"line":271,"column":2},"end":{"line":275,"column":3}},"type":"if","locations":[{"start":{"line":271,"column":2},"end":{"line":275,"column":3}},{"start":{},"end":{}}],"line":271},"22":{"loc":{"start":{"line":293,"column":4},"end":{"line":297,"column":5}},"type":"if","locations":[{"start":{"line":293,"column":4},"end":{"line":297,"column":5}},{"start":{},"end":{}}],"line":293}},"s":{"0":2,"1":2,"2":3,"3":0,"4":3,"5":3,"6":0,"7":3,"8":3,"9":1,"10":2,"11":0,"12":0,"13":0,"14":0,"15":0,"16":0,"17":0,"18":0,"19":0,"20":0,"21":0,"22":0,"23":0,"24":5,"25":5,"26":5,"27":5,"28":0,"29":5,"30":0,"31":5,"32":5,"33":4,"34":0,"35":4,"36":4,"37":4,"38":2,"39":2,"40":2,"41":1,"42":2,"43":2,"44":0,"45":2,"46":2,"47":2,"48":1,"49":1,"50":0,"51":0,"52":0,"53":2,"54":0,"55":2,"56":2,"57":0,"58":2,"59":2,"60":0,"61":2,"62":2,"63":1,"64":1,"65":1,"66":0,"67":2,"68":2,"69":0,"70":2,"71":2,"72":1,"73":1,"74":1,"75":0,"76":2},"f":{"0":3,"1":0,"2":5,"3":2,"4":2,"5":2},"b":{"0":[0,3],"1":[0,3],"2":[0,0],"3":[0,0,0],"4":[0,0],"5":[0,0],"6":[0,0],"7":[5,5],"8":[5,5],"9":[0,5],"10":[0,5],"11":[5,5],"12":[0,4],"13":[2,2],"14":[0,2],"15":[1,1],"16":[0,0],"17":[0,2],"18":[0,2],"19":[0,2],"20":[1,0],"21":[0,2],"22":[1,0]},"_coverageSchema":"1a1c01bbd47fc00a2c39e90264f33305004495a9","hash":"455ebf8a0f68d97ab2d35925098e234c3b80fc9b"}
,"C:\\Users\\yikal\\OneDrive\\Desktop\\CodeTheDream\\node-homework\\controllers\\timeController.js": {"path":"C:\\Users\\yikal\\OneDrive\\Desktop\\CodeTheDream\\node-homework\\controllers\\timeController.js","statementMap":{"0":{"start":{"line":2,"column":2},"end":{"line":4,"column":5}},"1":{"start":{"line":8,"column":2},"end":{"line":10,"column":5}},"2":{"start":{"line":13,"column":0},"end":{"line":16,"column":2}}},"fnMap":{"0":{"name":"getTime","decl":{"start":{"line":1,"column":9},"end":{"line":1,"column":16}},"loc":{"start":{"line":1,"column":27},"end":{"line":5,"column":1}},"line":1},"1":{"name":"echoBody","decl":{"start":{"line":7,"column":9},"end":{"line":7,"column":17}},"loc":{"start":{"line":7,"column":28},"end":{"line":11,"column":1}},"line":7}},"branchMap":{},"s":{"0":0,"1":0,"2":1},"f":{"0":0,"1":0},"b":{},"_coverageSchema":"1a1c01bbd47fc00a2c39e90264f33305004495a9","hash":"4838956bc1d57c9d08a8f536da19ed739157020e"}
,"C:\\Users\\yikal\\OneDrive\\Desktop\\CodeTheDream\\node-homework\\controllers\\userController.js": {"path":"C:\\Users\\yikal\\OneDrive\\Desktop\\CodeTheDream\\node-homework\\controllers\\userController.js","statementMap":{"0":{"start":{"line":1,"column":15},"end":{"line":1,"column":32}},"1":{"start":{"line":2,"column":23},"end":{"line":2,"column":40}},"2":{"start":{"line":3,"column":13},"end":{"line":3,"column":28}},"3":{"start":{"line":4,"column":12},"end":{"line":4,"column":35}},"4":{"start":{"line":6,"column":23},"end":{"line":6,"column":58}},"5":{"start":{"line":7,"column":15},"end":{"line":7,"column":38}},"6":{"start":{"line":9,"column":15},"end":{"line":9,"column":44}},"7":{"start":{"line":11,"column":20},"end":{"line":17,"column":1}},"8":{"start":{"line":12,"column":2},"end":{"line":16,"column":4}},"9":{"start":{"line":19,"column":21},"end":{"line":37,"column":1}},"10":{"start":{"line":20,"column":18},"end":{"line":23,"column":3}},"11":{"start":{"line":25,"column":16},"end":{"line":29,"column":3}},"12":{"start":{"line":31,"column":2},"end":{"line":34,"column":5}},"13":{"start":{"line":36,"column":2},"end":{"line":36,"column":27}},"14":{"start":{"line":40,"column":15},"end":{"line":40,"column":53}},"15":{"start":{"line":41,"column":21},"end":{"line":41,"column":53}},"16":{"start":{"line":43,"column":2},"end":{"line":43,"column":49}},"17":{"start":{"line":47,"column":2},"end":{"line":49,"column":3}},"18":{"start":{"line":48,"column":4},"end":{"line":48,"column":17}},"19":{"start":{"line":51,"column":28},"end":{"line":51,"column":49}},"20":{"start":{"line":53,"column":2},"end":{"line":55,"column":3}},"21":{"start":{"line":54,"column":4},"end":{"line":54,"column":17}},"22":{"start":{"line":57,"column":26},"end":{"line":57,"column":55}},"23":{"start":{"line":58,"column":21},"end":{"line":58,"column":58}},"24":{"start":{"line":60,"column":2},"end":{"line":62,"column":3}},"25":{"start":{"line":61,"column":4},"end":{"line":61,"column":17}},"26":{"start":{"line":64,"column":2},"end":{"line":64,"column":61}},"27":{"start":{"line":68,"column":2},"end":{"line":70,"column":3}},"28":{"start":{"line":69,"column":4},"end":{"line":69,"column":18}},"29":{"start":{"line":72,"column":27},"end":{"line":74,"column":4}},"30":{"start":{"line":76,"column":2},"end":{"line":81,"column":3}},"31":{"start":{"line":77,"column":4},"end":{"line":80,"column":7}},"32":{"start":{"line":83,"column":36},"end":{"line":83,"column":41}},"33":{"start":{"line":84,"column":25},"end":{"line":84,"column":53}},"34":{"start":{"line":86,"column":2},"end":{"line":168,"column":3}},"35":{"start":{"line":87,"column":19},"end":{"line":144,"column":6}},"36":{"start":{"line":88,"column":22},"end":{"line":100,"column":8}},"37":{"start":{"line":102,"column":30},"end":{"line":118,"column":7}},"38":{"start":{"line":120,"column":6},"end":{"line":122,"column":9}},"39":{"start":{"line":124,"column":27},"end":{"line":138,"column":8}},"40":{"start":{"line":128,"column":46},"end":{"line":128,"column":56}},"41":{"start":{"line":140,"column":6},"end":{"line":143,"column":8}},"42":{"start":{"line":146,"column":22},"end":{"line":150,"column":5}},"43":{"start":{"line":152,"column":4},"end":{"line":159,"column":7}},"44":{"start":{"line":161,"column":4},"end":{"line":165,"column":5}},"45":{"start":{"line":162,"column":6},"end":{"line":164,"column":9}},"46":{"start":{"line":167,"column":4},"end":{"line":167,"column":21}},"47":{"start":{"line":172,"column":2},"end":{"line":229,"column":3}},"48":{"start":{"line":173,"column":4},"end":{"line":175,"column":5}},"49":{"start":{"line":174,"column":6},"end":{"line":174,"column":20}},"50":{"start":{"line":178,"column":6},"end":{"line":180,"column":12}},"51":{"start":{"line":182,"column":21},"end":{"line":182,"column":38}},"52":{"start":{"line":184,"column":4},"end":{"line":184,"column":32}},"53":{"start":{"line":186,"column":17},"end":{"line":196,"column":6}},"54":{"start":{"line":198,"column":4},"end":{"line":202,"column":5}},"55":{"start":{"line":199,"column":6},"end":{"line":201,"column":9}},"56":{"start":{"line":205,"column":6},"end":{"line":208,"column":7}},"57":{"start":{"line":210,"column":4},"end":{"line":214,"column":5}},"58":{"start":{"line":211,"column":6},"end":{"line":213,"column":9}},"59":{"start":{"line":216,"column":22},"end":{"line":220,"column":5}},"60":{"start":{"line":222,"column":4},"end":{"line":226,"column":7}},"61":{"start":{"line":228,"column":4},"end":{"line":228,"column":23}},"62":{"start":{"line":233,"column":17},"end":{"line":233,"column":44}},"63":{"start":{"line":235,"column":2},"end":{"line":239,"column":3}},"64":{"start":{"line":236,"column":4},"end":{"line":238,"column":7}},"65":{"start":{"line":241,"column":24},"end":{"line":261,"column":3}},"66":{"start":{"line":263,"column":15},"end":{"line":263,"column":28}},"67":{"start":{"line":265,"column":2},"end":{"line":314,"column":3}},"68":{"start":{"line":267,"column":6},"end":{"line":270,"column":24}},"69":{"start":{"line":269,"column":24},"end":{"line":269,"column":36}},"70":{"start":{"line":272,"column":26},"end":{"line":278,"column":5}},"71":{"start":{"line":280,"column":4},"end":{"line":280,"column":16}},"72":{"start":{"line":282,"column":4},"end":{"line":306,"column":5}},"73":{"start":{"line":283,"column":6},"end":{"line":285,"column":7}},"74":{"start":{"line":284,"column":8},"end":{"line":284,"column":17}},"75":{"start":{"line":287,"column":6},"end":{"line":305,"column":7}},"76":{"start":{"line":288,"column":8},"end":{"line":302,"column":10}},"77":{"start":{"line":304,"column":8},"end":{"line":304,"column":29}},"78":{"start":{"line":308,"column":4},"end":{"line":313,"column":5}},"79":{"start":{"line":309,"column":6},"end":{"line":312,"column":9}},"80":{"start":{"line":316,"column":2},"end":{"line":334,"column":3}},"81":{"start":{"line":318,"column":6},"end":{"line":323,"column":8}},"82":{"start":{"line":325,"column":4},"end":{"line":329,"column":5}},"83":{"start":{"line":326,"column":6},"end":{"line":328,"column":9}},"84":{"start":{"line":331,"column":4},"end":{"line":331,"column":38}},"85":{"start":{"line":333,"column":4},"end":{"line":333,"column":23}},"86":{"start":{"line":338,"column":2},"end":{"line":341,"column":4}},"87":{"start":{"line":343,"column":2},"end":{"line":343,"column":29}},"88":{"start":{"line":346,"column":0},"end":{"line":351,"column":2}}},"fnMap":{"0":{"name":"(anonymous_0)","decl":{"start":{"line":11,"column":20},"end":{"line":11,"column":21}},"loc":{"start":{"line":11,"column":29},"end":{"line":17,"column":1}},"line":11},"1":{"name":"(anonymous_1)","decl":{"start":{"line":19,"column":21},"end":{"line":19,"column":22}},"loc":{"start":{"line":19,"column":41},"end":{"line":37,"column":1}},"line":19},"2":{"name":"hashPassword","decl":{"start":{"line":39,"column":15},"end":{"line":39,"column":27}},"loc":{"start":{"line":39,"column":38},"end":{"line":44,"column":1}},"line":39},"3":{"name":"comparePassword","decl":{"start":{"line":46,"column":15},"end":{"line":46,"column":30}},"loc":{"start":{"line":46,"column":58},"end":{"line":65,"column":1}},"line":46},"4":{"name":"register","decl":{"start":{"line":67,"column":15},"end":{"line":67,"column":23}},"loc":{"start":{"line":67,"column":40},"end":{"line":169,"column":1}},"line":67},"5":{"name":"(anonymous_5)","decl":{"start":{"line":87,"column":45},"end":{"line":87,"column":46}},"loc":{"start":{"line":87,"column":59},"end":{"line":144,"column":5}},"line":87},"6":{"name":"(anonymous_6)","decl":{"start":{"line":128,"column":36},"end":{"line":128,"column":37}},"loc":{"start":{"line":128,"column":46},"end":{"line":128,"column":56}},"line":128},"7":{"name":"logon","decl":{"start":{"line":171,"column":15},"end":{"line":171,"column":20}},"loc":{"start":{"line":171,"column":37},"end":{"line":230,"column":1}},"line":171},"8":{"name":"show","decl":{"start":{"line":232,"column":15},"end":{"line":232,"column":19}},"loc":{"start":{"line":232,"column":36},"end":{"line":335,"column":1}},"line":232},"9":{"name":"(anonymous_9)","decl":{"start":{"line":269,"column":13},"end":{"line":269,"column":14}},"loc":{"start":{"line":269,"column":24},"end":{"line":269,"column":36}},"line":269},"10":{"name":"logoff","decl":{"start":{"line":337,"column":9},"end":{"line":337,"column":15}},"loc":{"start":{"line":337,"column":26},"end":{"line":344,"column":1}},"line":337}},"branchMap":{"0":{"loc":{"start":{"line":47,"column":2},"end":{"line":49,"column":3}},"type":"if","locations":[{"start":{"line":47,"column":2},"end":{"line":49,"column":3}},{"start":{},"end":{}}],"line":47},"1":{"loc":{"start":{"line":47,"column":6},"end":{"line":47,"column":35}},"type":"binary-expr","locations":[{"start":{"line":47,"column":6},"end":{"line":47,"column":20}},{"start":{"line":47,"column":24},"end":{"line":47,"column":35}}],"line":47},"2":{"loc":{"start":{"line":53,"column":2},"end":{"line":55,"column":3}},"type":"if","locations":[{"start":{"line":53,"column":2},"end":{"line":55,"column":3}},{"start":{},"end":{}}],"line":53},"3":{"loc":{"start":{"line":53,"column":6},"end":{"line":53,"column":25}},"type":"binary-expr","locations":[{"start":{"line":53,"column":6},"end":{"line":53,"column":11}},{"start":{"line":53,"column":15},"end":{"line":53,"column":25}}],"line":53},"4":{"loc":{"start":{"line":60,"column":2},"end":{"line":62,"column":3}},"type":"if","locations":[{"start":{"line":60,"column":2},"end":{"line":62,"column":3}},{"start":{},"end":{}}],"line":60},"5":{"loc":{"start":{"line":68,"column":2},"end":{"line":70,"column":3}},"type":"if","locations":[{"start":{"line":68,"column":2},"end":{"line":70,"column":3}},{"start":{},"end":{}}],"line":68},"6":{"loc":{"start":{"line":76,"column":2},"end":{"line":81,"column":3}},"type":"if","locations":[{"start":{"line":76,"column":2},"end":{"line":81,"column":3}},{"start":{},"end":{}}],"line":76},"7":{"loc":{"start":{"line":161,"column":4},"end":{"line":165,"column":5}},"type":"if","locations":[{"start":{"line":161,"column":4},"end":{"line":165,"column":5}},{"start":{},"end":{}}],"line":161},"8":{"loc":{"start":{"line":173,"column":4},"end":{"line":175,"column":5}},"type":"if","locations":[{"start":{"line":173,"column":4},"end":{"line":175,"column":5}},{"start":{},"end":{}}],"line":173},"9":{"loc":{"start":{"line":178,"column":6},"end":{"line":180,"column":12}},"type":"cond-expr","locations":[{"start":{"line":179,"column":10},"end":{"line":179,"column":31}},{"start":{"line":180,"column":10},"end":{"line":180,"column":12}}],"line":178},"10":{"loc":{"start":{"line":198,"column":4},"end":{"line":202,"column":5}},"type":"if","locations":[{"start":{"line":198,"column":4},"end":{"line":202,"column":5}},{"start":{},"end":{}}],"line":198},"11":{"loc":{"start":{"line":210,"column":4},"end":{"line":214,"column":5}},"type":"if","locations":[{"start":{"line":210,"column":4},"end":{"line":214,"column":5}},{"start":{},"end":{}}],"line":210},"12":{"loc":{"start":{"line":235,"column":2},"end":{"line":239,"column":3}},"type":"if","locations":[{"start":{"line":235,"column":2},"end":{"line":239,"column":3}},{"start":{},"end":{}}],"line":235},"13":{"loc":{"start":{"line":265,"column":2},"end":{"line":314,"column":3}},"type":"if","locations":[{"start":{"line":265,"column":2},"end":{"line":314,"column":3}},{"start":{},"end":{}}],"line":265},"14":{"loc":{"start":{"line":283,"column":6},"end":{"line":285,"column":7}},"type":"if","locations":[{"start":{"line":283,"column":6},"end":{"line":285,"column":7}},{"start":{},"end":{}}],"line":283},"15":{"loc":{"start":{"line":287,"column":6},"end":{"line":305,"column":7}},"type":"if","locations":[{"start":{"line":287,"column":6},"end":{"line":305,"column":7}},{"start":{"line":303,"column":13},"end":{"line":305,"column":7}}],"line":287},"16":{"loc":{"start":{"line":308,"column":4},"end":{"line":313,"column":5}},"type":"if","locations":[{"start":{"line":308,"column":4},"end":{"line":313,"column":5}},{"start":{},"end":{}}],"line":308},"17":{"loc":{"start":{"line":325,"column":4},"end":{"line":329,"column":5}},"type":"if","locations":[{"start":{"line":325,"column":4},"end":{"line":329,"column":5}},{"start":{},"end":{}}],"line":325}},"s":{"0":2,"1":2,"2":2,"3":2,"4":2,"5":2,"6":2,"7":2,"8":6,"9":2,"10":4,"11":4,"12":4,"13":4,"14":3,"15":3,"16":3,"17":3,"18":0,"19":3,"20":3,"21":0,"22":3,"23":3,"24":3,"25":0,"26":3,"27":3,"28":0,"29":3,"30":3,"31":0,"32":3,"33":3,"34":3,"35":3,"36":3,"37":2,"38":2,"39":2,"40":6,"41":2,"42":2,"43":2,"44":1,"45":1,"46":0,"47":3,"48":3,"49":0,"50":3,"51":3,"52":3,"53":3,"54":3,"55":0,"56":3,"57":3,"58":1,"59":2,"60":2,"61":0,"62":0,"63":0,"64":0,"65":0,"66":0,"67":0,"68":0,"69":0,"70":0,"71":0,"72":0,"73":0,"74":0,"75":0,"76":0,"77":0,"78":0,"79":0,"80":0,"81":0,"82":0,"83":0,"84":0,"85":0,"86":2,"87":2,"88":2},"f":{"0":6,"1":4,"2":3,"3":3,"4":3,"5":3,"6":6,"7":3,"8":0,"9":0,"10":2},"b":{"0":[0,3],"1":[3,3],"2":[0,3],"3":[3,3],"4":[0,3],"5":[0,3],"6":[0,3],"7":[1,0],"8":[0,3],"9":[3,0],"10":[0,3],"11":[1,2],"12":[0,0],"13":[0,0],"14":[0,0],"15":[0,0],"16":[0,0],"17":[0,0]},"_coverageSchema":"1a1c01bbd47fc00a2c39e90264f33305004495a9","hash":"55b03da1a08ebb7658a971f628f27f1f21460c08"}
,"C:\\Users\\yikal\\OneDrive\\Desktop\\CodeTheDream\\node-homework\\db\\prisma.js": {"path":"C:\\Users\\yikal\\OneDrive\\Desktop\\CodeTheDream\\node-homework\\db\\prisma.js","statementMap":{"0":{"start":{"line":1,"column":25},"end":{"line":1,"column":50}},"1":{"start":{"line":4,"column":0},"end":{"line":8,"column":1}},"2":{"start":{"line":5,"column":2},"end":{"line":5,"column":28}},"3":{"start":{"line":7,"column":2},"end":{"line":7,"column":12}},"4":{"start":{"line":10,"column":15},"end":{"line":10,"column":37}},"5":{"start":{"line":12,"column":0},"end":{"line":12,"column":24}}},"fnMap":{},"branchMap":{"0":{"loc":{"start":{"line":4,"column":0},"end":{"line":8,"column":1}},"type":"if","locations":[{"start":{"line":4,"column":0},"end":{"line":8,"column":1}},{"start":{"line":6,"column":7},"end":{"line":8,"column":1}}],"line":4},"1":{"loc":{"start":{"line":4,"column":4},"end":{"line":4,"column":67}},"type":"binary-expr","locations":[{"start":{"line":4,"column":4},"end":{"line":4,"column":25}},{"start":{"line":4,"column":29},"end":{"line":4,"column":67}}],"line":4}},"s":{"0":3,"1":3,"2":0,"3":3,"4":3,"5":3},"f":{},"b":{"0":[0,3],"1":[3,3]},"_coverageSchema":"1a1c01bbd47fc00a2c39e90264f33305004495a9","hash":"e6ab19b03f5780ecf804e17eac99cc2425bd9f9e"}
,"C:\\Users\\yikal\\OneDrive\\Desktop\\CodeTheDream\\node-homework\\middleware\\error-handler.js": {"path":"C:\\Users\\yikal\\OneDrive\\Desktop\\CodeTheDream\\node-homework\\middleware\\error-handler.js","statementMap":{"0":{"start":{"line":2,"column":2},"end":{"line":6,"column":3}},"1":{"start":{"line":3,"column":4},"end":{"line":5,"column":6}},"2":{"start":{"line":8,"column":2},"end":{"line":12,"column":3}},"3":{"start":{"line":9,"column":4},"end":{"line":11,"column":6}},"4":{"start":{"line":14,"column":2},"end":{"line":16,"column":5}},"5":{"start":{"line":19,"column":0},"end":{"line":19,"column":30}}},"fnMap":{"0":{"name":"errorHandler","decl":{"start":{"line":1,"column":9},"end":{"line":1,"column":21}},"loc":{"start":{"line":1,"column":43},"end":{"line":17,"column":1}},"line":1}},"branchMap":{"0":{"loc":{"start":{"line":2,"column":2},"end":{"line":6,"column":3}},"type":"if","locations":[{"start":{"line":2,"column":2},"end":{"line":6,"column":3}},{"start":{},"end":{}}],"line":2},"1":{"loc":{"start":{"line":2,"column":6},"end":{"line":2,"column":54}},"type":"binary-expr","locations":[{"start":{"line":2,"column":6},"end":{"line":2,"column":33}},{"start":{"line":2,"column":37},"end":{"line":2,"column":54}}],"line":2},"2":{"loc":{"start":{"line":8,"column":2},"end":{"line":12,"column":3}},"type":"if","locations":[{"start":{"line":8,"column":2},"end":{"line":12,"column":3}},{"start":{},"end":{}}],"line":8}},"s":{"0":0,"1":0,"2":0,"3":0,"4":0,"5":1},"f":{"0":0},"b":{"0":[0,0],"1":[0,0],"2":[0,0]},"_coverageSchema":"1a1c01bbd47fc00a2c39e90264f33305004495a9","hash":"13abc1093b08a2a1d86229208990183bc5671469"}
,"C:\\Users\\yikal\\OneDrive\\Desktop\\CodeTheDream\\node-homework\\middleware\\jwtMiddleware.js": {"path":"C:\\Users\\yikal\\OneDrive\\Desktop\\CodeTheDream\\node-homework\\middleware\\jwtMiddleware.js","statementMap":{"0":{"start":{"line":1,"column":12},"end":{"line":1,"column":35}},"1":{"start":{"line":2,"column":24},"end":{"line":2,"column":52}},"2":{"start":{"line":4,"column":16},"end":{"line":8,"column":1}},"3":{"start":{"line":5,"column":2},"end":{"line":7,"column":52}},"4":{"start":{"line":10,"column":0},"end":{"line":44,"column":2}},"5":{"start":{"line":11,"column":16},"end":{"line":11,"column":33}},"6":{"start":{"line":13,"column":2},"end":{"line":15,"column":3}},"7":{"start":{"line":14,"column":4},"end":{"line":14,"column":24}},"8":{"start":{"line":17,"column":2},"end":{"line":43,"column":4}},"9":{"start":{"line":21,"column":6},"end":{"line":23,"column":7}},"10":{"start":{"line":22,"column":8},"end":{"line":22,"column":28}},"11":{"start":{"line":25,"column":6},"end":{"line":27,"column":8}},"12":{"start":{"line":29,"column":6},"end":{"line":39,"column":7}},"13":{"start":{"line":34,"column":8},"end":{"line":38,"column":9}},"14":{"start":{"line":37,"column":10},"end":{"line":37,"column":30}},"15":{"start":{"line":41,"column":6},"end":{"line":41,"column":13}}},"fnMap":{"0":{"name":"(anonymous_0)","decl":{"start":{"line":4,"column":16},"end":{"line":4,"column":17}},"loc":{"start":{"line":4,"column":25},"end":{"line":8,"column":1}},"line":4},"1":{"name":"(anonymous_1)","decl":{"start":{"line":10,"column":17},"end":{"line":10,"column":18}},"loc":{"start":{"line":10,"column":43},"end":{"line":44,"column":1}},"line":10},"2":{"name":"(anonymous_2)","decl":{"start":{"line":20,"column":4},"end":{"line":20,"column":5}},"loc":{"start":{"line":20,"column":22},"end":{"line":42,"column":5}},"line":20}},"branchMap":{"0":{"loc":{"start":{"line":13,"column":2},"end":{"line":15,"column":3}},"type":"if","locations":[{"start":{"line":13,"column":2},"end":{"line":15,"column":3}},{"start":{},"end":{}}],"line":13},"1":{"loc":{"start":{"line":21,"column":6},"end":{"line":23,"column":7}},"type":"if","locations":[{"start":{"line":21,"column":6},"end":{"line":23,"column":7}},{"start":{},"end":{}}],"line":21},"2":{"loc":{"start":{"line":29,"column":6},"end":{"line":39,"column":7}},"type":"if","locations":[{"start":{"line":29,"column":6},"end":{"line":39,"column":7}},{"start":{},"end":{}}],"line":29},"3":{"loc":{"start":{"line":34,"column":8},"end":{"line":38,"column":9}},"type":"if","locations":[{"start":{"line":34,"column":8},"end":{"line":38,"column":9}},{"start":{},"end":{}}],"line":34}},"s":{"0":2,"1":2,"2":2,"3":4,"4":2,"5":7,"6":7,"7":2,"8":5,"9":5,"10":1,"11":4,"12":4,"13":3,"14":1,"15":3},"f":{"0":4,"1":7,"2":5},"b":{"0":[2,5],"1":[1,4],"2":[3,1],"3":[1,2]},"_coverageSchema":"1a1c01bbd47fc00a2c39e90264f33305004495a9","hash":"62ba38c1f775a82d0da9dfa40f3a00b7cf1b1369"}
,"C:\\Users\\yikal\\OneDrive\\Desktop\\CodeTheDream\\node-homework\\middleware\\not-found.js": {"path":"C:\\Users\\yikal\\OneDrive\\Desktop\\CodeTheDream\\node-homework\\middleware\\not-found.js","statementMap":{"0":{"start":{"line":2,"column":2},"end":{"line":4,"column":5}},"1":{"start":{"line":7,"column":0},"end":{"line":7,"column":26}}},"fnMap":{"0":{"name":"notFound","decl":{"start":{"line":1,"column":9},"end":{"line":1,"column":17}},"loc":{"start":{"line":1,"column":28},"end":{"line":5,"column":1}},"line":1}},"branchMap":{},"s":{"0":0,"1":1},"f":{"0":0},"b":{},"_coverageSchema":"1a1c01bbd47fc00a2c39e90264f33305004495a9","hash":"b974b66f43c624b7507b25e60066eb2ff2389216"}
,"C:\\Users\\yikal\\OneDrive\\Desktop\\CodeTheDream\\node-homework\\routes\\analyticsRoutes.js": {"path":"C:\\Users\\yikal\\OneDrive\\Desktop\\CodeTheDream\\node-homework\\routes\\analyticsRoutes.js","statementMap":{"0":{"start":{"line":1,"column":16},"end":{"line":1,"column":34}},"1":{"start":{"line":3,"column":15},"end":{"line":3,"column":31}},"2":{"start":{"line":9,"column":4},"end":{"line":9,"column":49}},"3":{"start":{"line":11,"column":0},"end":{"line":11,"column":41}},"4":{"start":{"line":13,"column":0},"end":{"line":13,"column":43}},"5":{"start":{"line":15,"column":0},"end":{"line":15,"column":40}},"6":{"start":{"line":17,"column":0},"end":{"line":17,"column":24}}},"fnMap":{},"branchMap":{},"s":{"0":1,"1":1,"2":1,"3":1,"4":1,"5":1,"6":1},"f":{},"b":{},"_coverageSchema":"1a1c01bbd47fc00a2c39e90264f33305004495a9","hash":"091bfb8881554156ef68ea881e12298153a0d0ef"}
,"C:\\Users\\yikal\\OneDrive\\Desktop\\CodeTheDream\\node-homework\\routes\\taskRoutes.js": {"path":"C:\\Users\\yikal\\OneDrive\\Desktop\\CodeTheDream\\node-homework\\routes\\taskRoutes.js","statementMap":{"0":{"start":{"line":1,"column":16},"end":{"line":1,"column":34}},"1":{"start":{"line":2,"column":22},"end":{"line":2,"column":60}},"2":{"start":{"line":11,"column":4},"end":{"line":11,"column":44}},"3":{"start":{"line":13,"column":15},"end":{"line":13,"column":31}},"4":{"start":{"line":16,"column":0},"end":{"line":16,"column":26}},"5":{"start":{"line":18,"column":0},"end":{"line":18,"column":25}},"6":{"start":{"line":20,"column":0},"end":{"line":20,"column":33}},"7":{"start":{"line":22,"column":0},"end":{"line":22,"column":23}},"8":{"start":{"line":24,"column":0},"end":{"line":24,"column":25}},"9":{"start":{"line":26,"column":0},"end":{"line":26,"column":29}},"10":{"start":{"line":28,"column":0},"end":{"line":28,"column":34}},"11":{"start":{"line":30,"column":0},"end":{"line":30,"column":24}}},"fnMap":{},"branchMap":{},"s":{"0":1,"1":1,"2":1,"3":1,"4":1,"5":1,"6":1,"7":1,"8":1,"9":1,"10":1,"11":1},"f":{},"b":{},"_coverageSchema":"1a1c01bbd47fc00a2c39e90264f33305004495a9","hash":"3ccd1f1becf359ef64aaedcbf90b120b835625f7"}
,"C:\\Users\\yikal\\OneDrive\\Desktop\\CodeTheDream\\node-homework\\routes\\timeRoutes.js": {"path":"C:\\Users\\yikal\\OneDrive\\Desktop\\CodeTheDream\\node-homework\\routes\\timeRoutes.js","statementMap":{"0":{"start":{"line":1,"column":16},"end":{"line":1,"column":34}},"1":{"start":{"line":2,"column":23},"end":{"line":2,"column":63}},"2":{"start":{"line":4,"column":15},"end":{"line":4,"column":31}},"3":{"start":{"line":6,"column":0},"end":{"line":6,"column":44}},"4":{"start":{"line":7,"column":0},"end":{"line":7,"column":46}},"5":{"start":{"line":9,"column":0},"end":{"line":9,"column":24}}},"fnMap":{},"branchMap":{},"s":{"0":1,"1":1,"2":1,"3":1,"4":1,"5":1},"f":{},"b":{},"_coverageSchema":"1a1c01bbd47fc00a2c39e90264f33305004495a9","hash":"40a5cf54d6474badac5b4e0303dc47d3a0e57614"}
,"C:\\Users\\yikal\\OneDrive\\Desktop\\CodeTheDream\\node-homework\\routes\\userRoutes.js": {"path":"C:\\Users\\yikal\\OneDrive\\Desktop\\CodeTheDream\\node-homework\\routes\\userRoutes.js","statementMap":{"0":{"start":{"line":1,"column":16},"end":{"line":1,"column":34}},"1":{"start":{"line":2,"column":22},"end":{"line":2,"column":60}},"2":{"start":{"line":4,"column":15},"end":{"line":4,"column":31}},"3":{"start":{"line":11,"column":4},"end":{"line":11,"column":44}},"4":{"start":{"line":13,"column":0},"end":{"line":13,"column":35}},"5":{"start":{"line":15,"column":0},"end":{"line":15,"column":29}},"6":{"start":{"line":18,"column":0},"end":{"line":18,"column":46}},"7":{"start":{"line":20,"column":0},"end":{"line":20,"column":25}},"8":{"start":{"line":22,"column":0},"end":{"line":22,"column":24}}},"fnMap":{},"branchMap":{},"s":{"0":1,"1":1,"2":1,"3":1,"4":1,"5":1,"6":1,"7":1,"8":1},"f":{},"b":{},"_coverageSchema":"1a1c01bbd47fc00a2c39e90264f33305004495a9","hash":"5139d79b3b0449b45755acdf5e17a849e26a43ca"}
,"C:\\Users\\yikal\\OneDrive\\Desktop\\CodeTheDream\\node-homework\\test\\waitForRouteHandlerCompletion.js": {"path":"C:\\Users\\yikal\\OneDrive\\Desktop\\CodeTheDream\\node-homework\\test\\waitForRouteHandlerCompletion.js","statementMap":{"0":{"start":{"line":1,"column":38},"end":{"line":24,"column":1}},"1":{"start":{"line":8,"column":18},"end":{"line":18,"column":4}},"2":{"start":{"line":9,"column":4},"end":{"line":13,"column":7}},"3":{"start":{"line":10,"column":6},"end":{"line":10,"column":38}},"4":{"start":{"line":10,"column":17},"end":{"line":10,"column":38}},"5":{"start":{"line":12,"column":6},"end":{"line":12,"column":16}},"6":{"start":{"line":15,"column":4},"end":{"line":17,"column":7}},"7":{"start":{"line":16,"column":6},"end":{"line":16,"column":16}},"8":{"start":{"line":20,"column":2},"end":{"line":20,"column":29}},"9":{"start":{"line":21,"column":2},"end":{"line":21,"column":16}},"10":{"start":{"line":23,"column":2},"end":{"line":23,"column":14}},"11":{"start":{"line":26,"column":0},"end":{"line":26,"column":47}}},"fnMap":{"0":{"name":"(anonymous_0)","decl":{"start":{"line":1,"column":38},"end":{"line":1,"column":39}},"loc":{"start":{"line":5,"column":5},"end":{"line":24,"column":1}},"line":5},"1":{"name":"(anonymous_1)","decl":{"start":{"line":8,"column":30},"end":{"line":8,"column":31}},"loc":{"start":{"line":8,"column":51},"end":{"line":18,"column":3}},"line":8},"2":{"name":"(anonymous_2)","decl":{"start":{"line":9,"column":19},"end":{"line":9,"column":20}},"loc":{"start":{"line":9,"column":30},"end":{"line":13,"column":5}},"line":9},"3":{"name":"(anonymous_3)","decl":{"start":{"line":15,"column":21},"end":{"line":15,"column":22}},"loc":{"start":{"line":15,"column":27},"end":{"line":17,"column":5}},"line":15}},"branchMap":{"0":{"loc":{"start":{"line":10,"column":6},"end":{"line":10,"column":38}},"type":"if","locations":[{"start":{"line":10,"column":6},"end":{"line":10,"column":38}},{"start":{},"end":{}}],"line":10}},"s":{"0":2,"1":22,"2":22,"3":4,"4":3,"5":1,"6":22,"7":18,"8":22,"9":22,"10":19,"11":2},"f":{"0":22,"1":22,"2":4,"3":18},"b":{"0":[3,1]},"_coverageSchema":"1a1c01bbd47fc00a2c39e90264f33305004495a9","hash":"6e2c4ee02b24f488cb20b93410e82e481dad56b0"}
,"C:\\Users\\yikal\\OneDrive\\Desktop\\CodeTheDream\\node-homework\\validation\\taskSchema.js": {"path":"C:\\Users\\yikal\\OneDrive\\Desktop\\CodeTheDream\\node-homework\\validation\\taskSchema.js","statementMap":{"0":{"start":{"line":1,"column":12},"end":{"line":1,"column":26}},"1":{"start":{"line":3,"column":19},"end":{"line":7,"column":2}},"2":{"start":{"line":9,"column":24},"end":{"line":13,"column":60}},"3":{"start":{"line":15,"column":0},"end":{"line":15,"column":49}}},"fnMap":{},"branchMap":{},"s":{"0":3,"1":3,"2":3,"3":3},"f":{},"b":{},"_coverageSchema":"1a1c01bbd47fc00a2c39e90264f33305004495a9","hash":"4a2580e34763e83663b0c2a88bb84c0cee72aaf6"}
,"C:\\Users\\yikal\\OneDrive\\Desktop\\CodeTheDream\\node-homework\\validation\\userSchema.js": {"path":"C:\\Users\\yikal\\OneDrive\\Desktop\\CodeTheDream\\node-homework\\validation\\userSchema.js","statementMap":{"0":{"start":{"line":1,"column":12},"end":{"line":1,"column":26}},"1":{"start":{"line":3,"column":19},"end":{"line":15,"column":2}},"2":{"start":{"line":17,"column":0},"end":{"line":17,"column":32}}},"fnMap":{},"branchMap":{},"s":{"0":3,"1":3,"2":3},"f":{},"b":{},"_coverageSchema":"1a1c01bbd47fc00a2c39e90264f33305004495a9","hash":"b7d6a50b11e3da2201fae4c7881ad43a427687fa"}
}
