TN:
SF:app.js
FN:43,(anonymous_0)
FN:47,(anonymous_1)
FN:53,(anonymous_2)
FN:90,(anonymous_3)
FN:94,(anonymous_4)
FN:106,shutdown
FN:114,(anonymous_6)
FN:115,(anonymous_7)
FN:136,(anonymous_8)
FN:137,(anonymous_9)
FNF:10
FNH:1
FNDA:0,(anonymous_0)
FNDA:0,(anonymous_1)
FNDA:0,(anonymous_2)
FNDA:1,(anonymous_3)
FNDA:0,(anonymous_4)
FNDA:0,shutdown
FNDA:0,(anonymous_6)
FNDA:0,(anonymous_7)
FNDA:0,(anonymous_8)
FNDA:0,(anonymous_9)
DA:1,1
DA:2,1
DA:3,1
DA:4,1
DA:5,1
DA:7,1
DA:8,1
DA:9,1
DA:10,1
DA:12,1
DA:13,1
DA:14,1
DA:16,1
DA:18,1
DA:20,1
DA:22,1
DA:23,1
DA:26,1
DA:34,1
DA:35,1
DA:41,1
DA:43,1
DA:44,0
DA:47,1
DA:48,0
DA:53,1
DA:54,0
DA:55,0
DA:57,0
DA:62,0
DA:63,0
DA:68,0
DA:76,1
DA:77,1
DA:80,1
DA:83,1
DA:85,1
DA:86,1
DA:88,1
DA:90,1
DA:91,1
DA:94,1
DA:95,0
DA:96,0
DA:98,0
DA:101,0
DA:104,1
DA:107,0
DA:109,0
DA:111,0
DA:113,0
DA:114,0
DA:115,0
DA:116,0
DA:117,0
DA:119,0
DA:124,0
DA:126,0
DA:127,0
DA:129,0
DA:130,0
DA:132,0
DA:136,1
DA:137,1
DA:139,1
LF:65
LH:38
BRDA:62,0,0,0
BRDA:62,0,1,0
BRDA:88,1,0,1
BRDA:88,1,1,1
BRDA:95,2,0,0
BRDA:95,2,1,0
BRDA:106,3,0,0
BRDA:107,4,0,0
BRDA:107,4,1,0
BRDA:116,5,0,0
BRDA:116,5,1,0
BRF:11
BRH:2
end_of_record
TN:
SF:controllers\analyticsController.js
FN:3,getUserAnalytics
FN:87,getUsersWithStats
FN:117,(anonymous_2)
FN:148,searchTasks
FNF:4
FNH:0
FNDA:0,getUserAnalytics
FNDA:0,getUsersWithStats
FNDA:0,(anonymous_2)
FNDA:0,searchTasks
DA:1,1
DA:4,0
DA:6,0
DA:7,0
DA:12,0
DA:13,0
DA:22,0
DA:23,0
DA:28,0
DA:38,0
DA:61,0
DA:62,0
DA:64,0
DA:77,0
DA:83,0
DA:88,0
DA:89,0
DA:90,0
DA:91,0
DA:93,0
DA:117,0
DA:128,0
DA:130,0
DA:139,0
DA:144,0
DA:150,0
DA:154,0
DA:155,0
DA:160,0
DA:162,0
DA:163,0
DA:164,0
DA:166,0
DA:167,0
DA:191,0
DA:197,0
DA:201,1
LF:37
LH:2
BRDA:6,0,0,0
BRDA:6,0,1,0
BRDA:22,1,0,0
BRDA:22,1,1,0
BRDA:89,2,0,0
BRDA:89,2,1,0
BRDA:90,3,0,0
BRDA:90,3,1,0
BRDA:150,4,0,0
BRDA:150,4,1,0
BRDA:154,5,0,0
BRDA:154,5,1,0
BRDA:154,6,0,0
BRDA:154,6,1,0
BRDA:160,7,0,0
BRDA:160,7,1,0
BRF:16
BRH:0
end_of_record
TN:
SF:controllers\taskController.js
FN:8,create
FN:45,bulkCreate
FN:90,index
FN:170,show
FN:218,update
FN:268,deleteTask
FNF:6
FNH:5
FNDA:3,create
FNDA:0,bulkCreate
FNDA:5,index
FNDA:2,show
FNDA:2,update
FNDA:2,deleteTask
DA:1,2
DA:6,2
DA:9,3
DA:10,0
DA:13,3
DA:17,3
DA:18,0
DA:23,3
DA:24,3
DA:39,1
DA:41,2
DA:46,0
DA:48,0
DA:49,0
DA:54,0
DA:56,0
DA:57,0
DA:59,0
DA:60,0
DA:66,0
DA:74,0
DA:75,0
DA:80,0
DA:86,0
DA:91,5
DA:92,5
DA:93,5
DA:95,5
DA:96,0
DA:101,5
DA:102,0
DA:107,5
DA:109,5
DA:113,4
DA:114,0
DA:120,4
DA:142,4
DA:146,4
DA:147,2
DA:152,2
DA:161,2
DA:166,1
DA:171,2
DA:173,2
DA:174,0
DA:179,2
DA:180,2
DA:200,2
DA:201,1
DA:206,1
DA:208,0
DA:209,0
DA:214,0
DA:219,2
DA:220,0
DA:223,2
DA:227,2
DA:228,0
DA:233,2
DA:235,2
DA:236,0
DA:241,2
DA:242,2
DA:256,1
DA:258,1
DA:259,1
DA:264,0
DA:269,2
DA:271,2
DA:272,0
DA:277,2
DA:278,2
DA:291,1
DA:293,1
DA:294,1
DA:299,0
DA:303,2
LF:77
LH:49
BRDA:9,0,0,0
BRDA:9,0,1,3
BRDA:17,1,0,0
BRDA:17,1,1,3
BRDA:48,2,0,0
BRDA:48,2,1,0
BRDA:48,3,0,0
BRDA:48,3,1,0
BRDA:48,3,2,0
BRDA:59,4,0,0
BRDA:59,4,1,0
BRDA:68,5,0,0
BRDA:68,5,1,0
BRDA:69,6,0,0
BRDA:69,6,1,0
BRDA:92,7,0,5
BRDA:92,7,1,5
BRDA:93,8,0,5
BRDA:93,8,1,5
BRDA:95,9,0,0
BRDA:95,9,1,5
BRDA:101,10,0,0
BRDA:101,10,1,5
BRDA:101,11,0,5
BRDA:101,11,1,5
BRDA:113,12,0,0
BRDA:113,12,1,4
BRDA:146,13,0,2
BRDA:146,13,1,2
BRDA:173,14,0,0
BRDA:173,14,1,2
BRDA:200,15,0,1
BRDA:200,15,1,1
BRDA:208,16,0,0
BRDA:208,16,1,0
BRDA:219,17,0,0
BRDA:219,17,1,2
BRDA:227,18,0,0
BRDA:227,18,1,2
BRDA:235,19,0,0
BRDA:235,19,1,2
BRDA:258,20,0,1
BRDA:258,20,1,0
BRDA:271,21,0,0
BRDA:271,21,1,2
BRDA:293,22,0,1
BRDA:293,22,1,0
BRF:47
BRH:22
end_of_record
TN:
SF:controllers\timeController.js
FN:1,getTime
FN:7,echoBody
FNF:2
FNH:0
FNDA:0,getTime
FNDA:0,echoBody
DA:2,0
DA:8,0
DA:13,1
LF:3
LH:1
BRF:0
BRH:0
end_of_record
TN:
SF:controllers\userController.js
FN:11,(anonymous_0)
FN:19,(anonymous_1)
FN:39,hashPassword
FN:46,comparePassword
FN:67,register
FN:87,(anonymous_5)
FN:128,(anonymous_6)
FN:171,logon
FN:232,show
FN:269,(anonymous_9)
FN:337,logoff
FNF:11
FNH:9
FNDA:6,(anonymous_0)
FNDA:4,(anonymous_1)
FNDA:3,hashPassword
FNDA:3,comparePassword
FNDA:3,register
FNDA:3,(anonymous_5)
FNDA:6,(anonymous_6)
FNDA:3,logon
FNDA:0,show
FNDA:0,(anonymous_9)
FNDA:2,logoff
DA:1,2
DA:2,2
DA:3,2
DA:4,2
DA:6,2
DA:7,2
DA:9,2
DA:11,2
DA:12,6
DA:19,2
DA:20,4
DA:25,4
DA:31,4
DA:36,4
DA:40,3
DA:41,3
DA:43,3
DA:47,3
DA:48,0
DA:51,3
DA:53,3
DA:54,0
DA:57,3
DA:58,3
DA:60,3
DA:61,0
DA:64,3
DA:68,3
DA:69,0
DA:72,3
DA:76,3
DA:77,0
DA:83,3
DA:84,3
DA:86,3
DA:87,3
DA:88,3
DA:102,2
DA:120,2
DA:124,2
DA:128,6
DA:140,2
DA:146,2
DA:152,2
DA:161,1
DA:162,1
DA:167,0
DA:172,3
DA:173,3
DA:174,0
DA:178,3
DA:182,3
DA:184,3
DA:186,3
DA:198,3
DA:199,0
DA:205,3
DA:210,3
DA:211,1
DA:216,2
DA:222,2
DA:228,0
DA:233,0
DA:235,0
DA:236,0
DA:241,0
DA:263,0
DA:265,0
DA:267,0
DA:269,0
DA:272,0
DA:280,0
DA:282,0
DA:283,0
DA:284,0
DA:287,0
DA:288,0
DA:304,0
DA:308,0
DA:309,0
DA:316,0
DA:318,0
DA:325,0
DA:326,0
DA:331,0
DA:333,0
DA:338,2
DA:343,2
DA:346,2
LF:89
LH:56
BRDA:47,0,0,0
BRDA:47,0,1,3
BRDA:47,1,0,3
BRDA:47,1,1,3
BRDA:53,2,0,0
BRDA:53,2,1,3
BRDA:53,3,0,3
BRDA:53,3,1,3
BRDA:60,4,0,0
BRDA:60,4,1,3
BRDA:68,5,0,0
BRDA:68,5,1,3
BRDA:76,6,0,0
BRDA:76,6,1,3
BRDA:161,7,0,1
BRDA:161,7,1,0
BRDA:173,8,0,0
BRDA:173,8,1,3
BRDA:178,9,0,3
BRDA:178,9,1,0
BRDA:198,10,0,0
BRDA:198,10,1,3
BRDA:210,11,0,1
BRDA:210,11,1,2
BRDA:235,12,0,0
BRDA:235,12,1,0
BRDA:265,13,0,0
BRDA:265,13,1,0
BRDA:283,14,0,0
BRDA:283,14,1,0
BRDA:287,15,0,0
BRDA:287,15,1,0
BRDA:308,16,0,0
BRDA:308,16,1,0
BRDA:325,17,0,0
BRDA:325,17,1,0
BRF:36
BRH:15
end_of_record
TN:
SF:db\prisma.js
FNF:0
FNH:0
DA:1,3
DA:4,3
DA:5,0
DA:7,3
DA:10,3
DA:12,3
LF:6
LH:5
BRDA:4,0,0,0
BRDA:4,0,1,3
BRDA:4,1,0,3
BRDA:4,1,1,3
BRF:4
BRH:3
end_of_record
TN:
SF:middleware\error-handler.js
FN:1,errorHandler
FNF:1
FNH:0
FNDA:0,errorHandler
DA:2,0
DA:3,0
DA:8,0
DA:9,0
DA:14,0
DA:19,1
LF:6
LH:1
BRDA:2,0,0,0
BRDA:2,0,1,0
BRDA:2,1,0,0
BRDA:2,1,1,0
BRDA:8,2,0,0
BRDA:8,2,1,0
BRF:6
BRH:0
end_of_record
TN:
SF:middleware\jwtMiddleware.js
FN:4,(anonymous_0)
FN:10,(anonymous_1)
FN:20,(anonymous_2)
FNF:3
FNH:3
FNDA:4,(anonymous_0)
FNDA:7,(anonymous_1)
FNDA:5,(anonymous_2)
DA:1,2
DA:2,2
DA:4,2
DA:5,4
DA:10,2
DA:11,7
DA:13,7
DA:14,2
DA:17,5
DA:21,5
DA:22,1
DA:25,4
DA:29,4
DA:34,3
DA:37,1
DA:41,3
LF:16
LH:16
BRDA:13,0,0,2
BRDA:13,0,1,5
BRDA:21,1,0,1
BRDA:21,1,1,4
BRDA:29,2,0,3
BRDA:29,2,1,1
BRDA:34,3,0,1
BRDA:34,3,1,2
BRF:8
BRH:8
end_of_record
TN:
SF:middleware\not-found.js
FN:1,notFound
FNF:1
FNH:0
FNDA:0,notFound
DA:2,0
DA:7,1
LF:2
LH:1
BRF:0
BRH:0
end_of_record
TN:
SF:routes\analyticsRoutes.js
FNF:0
FNH:0
DA:1,1
DA:3,1
DA:9,1
DA:11,1
DA:13,1
DA:15,1
DA:17,1
LF:7
LH:7
BRF:0
BRH:0
end_of_record
TN:
SF:routes\taskRoutes.js
FNF:0
FNH:0
DA:1,1
DA:2,1
DA:11,1
DA:13,1
DA:16,1
DA:18,1
DA:20,1
DA:22,1
DA:24,1
DA:26,1
DA:28,1
DA:30,1
LF:12
LH:12
BRF:0
BRH:0
end_of_record
TN:
SF:routes\timeRoutes.js
FNF:0
FNH:0
DA:1,1
DA:2,1
DA:4,1
DA:6,1
DA:7,1
DA:9,1
LF:6
LH:6
BRF:0
BRH:0
end_of_record
TN:
SF:routes\userRoutes.js
FNF:0
FNH:0
DA:1,1
DA:2,1
DA:4,1
DA:11,1
DA:13,1
DA:15,1
DA:18,1
DA:20,1
DA:22,1
LF:9
LH:9
BRF:0
BRH:0
end_of_record
TN:
SF:test\waitForRouteHandlerCompletion.js
FN:1,(anonymous_0)
FN:8,(anonymous_1)
FN:9,(anonymous_2)
FN:15,(anonymous_3)
FNF:4
FNH:4
FNDA:22,(anonymous_0)
FNDA:22,(anonymous_1)
FNDA:4,(anonymous_2)
FNDA:18,(anonymous_3)
DA:1,2
DA:8,22
DA:9,22
DA:10,4
DA:12,1
DA:15,22
DA:16,18
DA:20,22
DA:21,22
DA:23,19
DA:26,2
LF:11
LH:11
BRDA:10,0,0,3
BRDA:10,0,1,1
BRF:2
BRH:2
end_of_record
TN:
SF:validation\taskSchema.js
FNF:0
FNH:0
DA:1,3
DA:3,3
DA:9,3
DA:15,3
LF:4
LH:4
BRF:0
BRH:0
end_of_record
TN:
SF:validation\userSchema.js
FNF:0
FNH:0
DA:1,3
DA:3,3
DA:17,3
LF:3
LH:3
BRF:0
BRH:0
end_of_record
